<?xml version="1.0" encoding="UTF-8"?>
<!-- Generated by org.testng.reporters.JUnitReportReporter -->
<testsuite hostname="RAJA" failures="0" tests="2" name="TestNG.TestcaseforCrossbrowser" time="15.929" errors="0" timestamp="2022-10-31T11:39:41 IST" skipped="0">
  <testcase classname="TestNG.TestcaseforCrossbrowser" name="testcaseforCrossbrowser" time="8.499"/>
  <system-out/>
  <testcase classname="TestNG.TestcaseforCrossbrowser" name="testcaseforCrossbrowser" time="7.430"/>
  <system-out/>
</testsuite> <!-- TestNG.TestcaseforCrossbrowser -->
