<?xml version="1.0" encoding="UTF-8"?>
<!-- Generated by org.testng.reporters.JUnitReportReporter -->
<testsuite hostname="RAJA" failures="0" tests="1" name="TestNG.BeforeMethod_Aftermethod" time="0.007" errors="0" timestamp="2022-10-31T11:38:29 IST" skipped="0">
  <testcase classname="TestNG.BeforeMethod_Aftermethod" name="Annotation" time="0.007"/>
  <system-out/>
</testsuite> <!-- TestNG.BeforeMethod_Aftermethod -->
