<?xml version="1.0" encoding="UTF-8"?>
<!-- Generated by org.testng.reporters.JUnitReportReporter -->
<testsuite hostname="RAJA" failures="0" tests="3" name="TestNG.Annotations" time="0.006" errors="0" timestamp="2022-10-31T11:38:29 IST" skipped="0">
  <testcase classname="TestNG.Annotations" name="browser" time="0.000"/>
  <system-out/>
  <testcase classname="TestNG.Annotations" name="annotations" time="0.006"/>
  <system-out/>
  <testcase classname="TestNG.Annotations" name="close" time="0.000"/>
  <system-out/>
</testsuite> <!-- TestNG.Annotations -->
